<?xml version="1.0" encoding="UTF-8"?>
<testsuite xmlns:xsi="http://www.w3.org/2001/XMLSchema-instance" xsi:noNamespaceSchemaLocation="https://maven.apache.org/surefire/maven-surefire-plugin/xsd/surefire-test-report.xsd" name="ru.yandex.practicum.input.ChromeInputTest" time="48.284" tests="4" errors="0" skipped="0" failures="0">
  <properties>
    <property name="gopherProxySet" value="false"/>
    <property name="awt.toolkit" value="sun.lwawt.macosx.LWCToolkit"/>
    <property name="java.specification.version" value="11"/>
    <property name="sun.cpu.isalist" value=""/>
    <property name="sun.jnu.encoding" value="UTF-8"/>
    <property name="java.class.path" value="/Users/user/Desktop/Diplom/Diplom_3/target/test-classes:/Users/user/Desktop/Diplom/Diplom_3/target/classes:/Users/user/.m2/repository/io/qameta/allure/allure-junit4/2.15.0/allure-junit4-2.15.0.jar:/Users/user/.m2/repository/io/qameta/allure/allure-java-commons/2.15.0/allure-java-commons-2.15.0.jar:/Users/user/.m2/repository/org/slf4j/slf4j-api/1.7.30/slf4j-api-1.7.30.jar:/Users/user/.m2/repository/io/qameta/allure/allure-model/2.15.0/allure-model-2.15.0.jar:/Users/user/.m2/repository/io/qameta/allure/allure-rest-assured/2.15.0/allure-rest-assured-2.15.0.jar:/Users/user/.m2/repository/io/qameta/allure/allure-attachments/2.15.0/allure-attachments-2.15.0.jar:/Users/user/.m2/repository/org/freemarker/freemarker/2.3.31/freemarker-2.3.31.jar:/Users/user/.m2/repository/junit/junit/4.13.2/junit-4.13.2.jar:/Users/user/.m2/repository/org/hamcrest/hamcrest-core/1.3/hamcrest-core-1.3.jar:/Users/user/.m2/repository/org/seleniumhq/selenium/selenium-java/3.141.59/selenium-java-3.141.59.jar:/Users/user/.m2/repository/org/seleniumhq/selenium/selenium-api/3.141.59/selenium-api-3.141.59.jar:/Users/user/.m2/repository/org/seleniumhq/selenium/selenium-chrome-driver/3.141.59/selenium-chrome-driver-3.141.59.jar:/Users/user/.m2/repository/org/seleniumhq/selenium/selenium-edge-driver/3.141.59/selenium-edge-driver-3.141.59.jar:/Users/user/.m2/repository/org/seleniumhq/selenium/selenium-firefox-driver/3.141.59/selenium-firefox-driver-3.141.59.jar:/Users/user/.m2/repository/org/seleniumhq/selenium/selenium-ie-driver/3.141.59/selenium-ie-driver-3.141.59.jar:/Users/user/.m2/repository/org/seleniumhq/selenium/selenium-opera-driver/3.141.59/selenium-opera-driver-3.141.59.jar:/Users/user/.m2/repository/org/seleniumhq/selenium/selenium-remote-driver/3.141.59/selenium-remote-driver-3.141.59.jar:/Users/user/.m2/repository/org/seleniumhq/selenium/selenium-safari-driver/3.141.59/selenium-safari-driver-3.141.59.jar:/Users/user/.m2/repository/org/seleniumhq/selenium/selenium-support/3.141.59/selenium-support-3.141.59.jar:/Users/user/.m2/repository/net/bytebuddy/byte-buddy/1.8.15/byte-buddy-1.8.15.jar:/Users/user/.m2/repository/org/apache/commons/commons-exec/1.3/commons-exec-1.3.jar:/Users/user/.m2/repository/com/google/guava/guava/25.0-jre/guava-25.0-jre.jar:/Users/user/.m2/repository/com/google/code/findbugs/jsr305/1.3.9/jsr305-1.3.9.jar:/Users/user/.m2/repository/org/checkerframework/checker-compat-qual/2.0.0/checker-compat-qual-2.0.0.jar:/Users/user/.m2/repository/com/google/errorprone/error_prone_annotations/2.1.3/error_prone_annotations-2.1.3.jar:/Users/user/.m2/repository/com/google/j2objc/j2objc-annotations/1.1/j2objc-annotations-1.1.jar:/Users/user/.m2/repository/org/codehaus/mojo/animal-sniffer-annotations/1.14/animal-sniffer-annotations-1.14.jar:/Users/user/.m2/repository/com/squareup/okhttp3/okhttp/3.11.0/okhttp-3.11.0.jar:/Users/user/.m2/repository/com/squareup/okio/okio/1.14.0/okio-1.14.0.jar:/Users/user/.m2/repository/io/rest-assured/rest-assured/5.3.0/rest-assured-5.3.0.jar:/Users/user/.m2/repository/org/apache/groovy/groovy/4.0.6/groovy-4.0.6.jar:/Users/user/.m2/repository/org/apache/groovy/groovy-xml/4.0.6/groovy-xml-4.0.6.jar:/Users/user/.m2/repository/org/apache/httpcomponents/httpclient/4.5.13/httpclient-4.5.13.jar:/Users/user/.m2/repository/org/apache/httpcomponents/httpcore/4.4.13/httpcore-4.4.13.jar:/Users/user/.m2/repository/commons-logging/commons-logging/1.2/commons-logging-1.2.jar:/Users/user/.m2/repository/commons-codec/commons-codec/1.11/commons-codec-1.11.jar:/Users/user/.m2/repository/org/apache/httpcomponents/httpmime/4.5.13/httpmime-4.5.13.jar:/Users/user/.m2/repository/org/hamcrest/hamcrest/2.1/hamcrest-2.1.jar:/Users/user/.m2/repository/org/ccil/cowan/tagsoup/tagsoup/1.2.1/tagsoup-1.2.1.jar:/Users/user/.m2/repository/io/rest-assured/json-path/5.3.0/json-path-5.3.0.jar:/Users/user/.m2/repository/org/apache/groovy/groovy-json/4.0.6/groovy-json-4.0.6.jar:/Users/user/.m2/repository/io/rest-assured/rest-assured-common/5.3.0/rest-assured-common-5.3.0.jar:/Users/user/.m2/repository/io/rest-assured/xml-path/5.3.0/xml-path-5.3.0.jar:/Users/user/.m2/repository/org/apache/commons/commons-lang3/3.11/commons-lang3-3.11.jar:/Users/user/.m2/repository/com/google/code/gson/gson/2.10/gson-2.10.jar:/Users/user/.m2/repository/com/fasterxml/jackson/core/jackson-core/2.14.1/jackson-core-2.14.1.jar:/Users/user/.m2/repository/com/fasterxml/jackson/core/jackson-databind/2.14.1/jackson-databind-2.14.1.jar:/Users/user/.m2/repository/com/fasterxml/jackson/core/jackson-annotations/2.14.1/jackson-annotations-2.14.1.jar:/Users/user/.m2/repository/org/apache/maven/plugins/maven-surefire-plugin/3.0.0-M7/maven-surefire-plugin-3.0.0-M7.jar:/Users/user/.m2/repository/org/apache/maven/surefire/maven-surefire-common/3.0.0-M7/maven-surefire-common-3.0.0-M7.jar:/Users/user/.m2/repository/org/apache/maven/surefire/surefire-api/3.0.0-M7/surefire-api-3.0.0-M7.jar:/Users/user/.m2/repository/org/apache/maven/surefire/surefire-logger-api/3.0.0-M7/surefire-logger-api-3.0.0-M7.jar:/Users/user/.m2/repository/org/apache/maven/surefire/surefire-extensions-api/3.0.0-M7/surefire-extensions-api-3.0.0-M7.jar:/Users/user/.m2/repository/org/apache/maven/surefire/surefire-booter/3.0.0-M7/surefire-booter-3.0.0-M7.jar:/Users/user/.m2/repository/org/apache/maven/surefire/surefire-extensions-spi/3.0.0-M7/surefire-extensions-spi-3.0.0-M7.jar:/Users/user/.m2/repository/org/apache/maven/shared/maven-common-artifact-filters/3.1.1/maven-common-artifact-filters-3.1.1.jar:/Users/user/.m2/repository/org/apache/maven/maven-artifact/3.1.0/maven-artifact-3.1.0.jar:/Users/user/.m2/repository/org/codehaus/plexus/plexus-utils/3.0.10/plexus-utils-3.0.10.jar:/Users/user/.m2/repository/org/apache/maven/maven-core/3.1.0/maven-core-3.1.0.jar:/Users/user/.m2/repository/org/apache/maven/maven-settings/3.1.0/maven-settings-3.1.0.jar:/Users/user/.m2/repository/org/apache/maven/maven-settings-builder/3.1.0/maven-settings-builder-3.1.0.jar:/Users/user/.m2/repository/org/apache/maven/maven-repository-metadata/3.1.0/maven-repository-metadata-3.1.0.jar:/Users/user/.m2/repository/org/apache/maven/maven-model-builder/3.1.0/maven-model-builder-3.1.0.jar:/Users/user/.m2/repository/org/apache/maven/maven-aether-provider/3.1.0/maven-aether-provider-3.1.0.jar:/Users/user/.m2/repository/org/eclipse/aether/aether-spi/0.9.0.M2/aether-spi-0.9.0.M2.jar:/Users/user/.m2/repository/org/eclipse/aether/aether-impl/0.9.0.M2/aether-impl-0.9.0.M2.jar:/Users/user/.m2/repository/org/eclipse/aether/aether-api/0.9.0.M2/aether-api-0.9.0.M2.jar:/Users/user/.m2/repository/org/eclipse/aether/aether-util/0.9.0.M2/aether-util-0.9.0.M2.jar:/Users/user/.m2/repository/org/eclipse/sisu/org.eclipse.sisu.plexus/0.0.0.M2a/org.eclipse.sisu.plexus-0.0.0.M2a.jar:/Users/user/.m2/repository/javax/enterprise/cdi-api/1.0/cdi-api-1.0.jar:/Users/user/.m2/repository/javax/annotation/jsr250-api/1.0/jsr250-api-1.0.jar:/Users/user/.m2/repository/javax/inject/javax.inject/1/javax.inject-1.jar:/Users/user/.m2/repository/org/sonatype/sisu/sisu-guice/3.1.0/sisu-guice-3.1.0-no_aop.jar:/Users/user/.m2/repository/aopalliance/aopalliance/1.0/aopalliance-1.0.jar:/Users/user/.m2/repository/org/eclipse/sisu/org.eclipse.sisu.inject/0.0.0.M2a/org.eclipse.sisu.inject-0.0.0.M2a.jar:/Users/user/.m2/repository/asm/asm/3.3.1/asm-3.3.1.jar:/Users/user/.m2/repository/org/codehaus/plexus/plexus-interpolation/1.16/plexus-interpolation-1.16.jar:/Users/user/.m2/repository/org/codehaus/plexus/plexus-classworlds/2.4.2/plexus-classworlds-2.4.2.jar:/Users/user/.m2/repository/org/codehaus/plexus/plexus-component-annotations/1.5.5/plexus-component-annotations-1.5.5.jar:/Users/user/.m2/repository/org/sonatype/plexus/plexus-sec-dispatcher/1.3/plexus-sec-dispatcher-1.3.jar:/Users/user/.m2/repository/org/sonatype/plexus/plexus-cipher/1.4/plexus-cipher-1.4.jar:/Users/user/.m2/repository/org/apache/maven/maven-plugin-api/3.1.0/maven-plugin-api-3.1.0.jar:/Users/user/.m2/repository/org/codehaus/plexus/plexus-java/1.1.1/plexus-java-1.1.1.jar:/Users/user/.m2/repository/org/ow2/asm/asm/9.2/asm-9.2.jar:/Users/user/.m2/repository/com/thoughtworks/qdox/qdox/2.0.1/qdox-2.0.1.jar:/Users/user/.m2/repository/org/apache/maven/surefire/surefire-shared-utils/3.0.0-M7/surefire-shared-utils-3.0.0-M7.jar:/Users/user/.m2/repository/ru/yandex/qatools/ashot/ashot/1.5.4/ashot-1.5.4.jar:/Users/user/.m2/repository/commons-io/commons-io/2.5/commons-io-2.5.jar:"/>
    <property name="java.vm.vendor" value="Amazon.com Inc."/>
    <property name="sun.arch.data.model" value="64"/>
    <property name="java.vendor.url" value="https://aws.amazon.com/corretto/"/>
    <property name="user.timezone" value=""/>
    <property name="java.vm.specification.version" value="11"/>
    <property name="os.name" value="Mac OS X"/>
    <property name="sun.java.launcher" value="SUN_STANDARD"/>
    <property name="user.country" value="RU"/>
    <property name="sun.boot.library.path" value="/Library/Java/JavaVirtualMachines/amazon-corretto-11.jdk/Contents/Home/lib"/>
    <property name="sun.java.command" value="/Users/user/Desktop/Diplom/Diplom_3/target/surefire/surefirebooter10060965151967809116.jar /Users/user/Desktop/Diplom/Diplom_3/target/surefire 2023-01-21T13-43-28_722-jvmRun1 surefire1406489679778927866tmp surefire_016197871616760051434tmp"/>
    <property name="http.nonProxyHosts" value="local|*.local|169.254/16|*.169.254/16"/>
    <property name="jdk.debug" value="release"/>
    <property name="surefire.test.class.path" value="/Users/user/Desktop/Diplom/Diplom_3/target/test-classes:/Users/user/Desktop/Diplom/Diplom_3/target/classes:/Users/user/.m2/repository/io/qameta/allure/allure-junit4/2.15.0/allure-junit4-2.15.0.jar:/Users/user/.m2/repository/io/qameta/allure/allure-java-commons/2.15.0/allure-java-commons-2.15.0.jar:/Users/user/.m2/repository/org/slf4j/slf4j-api/1.7.30/slf4j-api-1.7.30.jar:/Users/user/.m2/repository/io/qameta/allure/allure-model/2.15.0/allure-model-2.15.0.jar:/Users/user/.m2/repository/io/qameta/allure/allure-rest-assured/2.15.0/allure-rest-assured-2.15.0.jar:/Users/user/.m2/repository/io/qameta/allure/allure-attachments/2.15.0/allure-attachments-2.15.0.jar:/Users/user/.m2/repository/org/freemarker/freemarker/2.3.31/freemarker-2.3.31.jar:/Users/user/.m2/repository/junit/junit/4.13.2/junit-4.13.2.jar:/Users/user/.m2/repository/org/hamcrest/hamcrest-core/1.3/hamcrest-core-1.3.jar:/Users/user/.m2/repository/org/seleniumhq/selenium/selenium-java/3.141.59/selenium-java-3.141.59.jar:/Users/user/.m2/repository/org/seleniumhq/selenium/selenium-api/3.141.59/selenium-api-3.141.59.jar:/Users/user/.m2/repository/org/seleniumhq/selenium/selenium-chrome-driver/3.141.59/selenium-chrome-driver-3.141.59.jar:/Users/user/.m2/repository/org/seleniumhq/selenium/selenium-edge-driver/3.141.59/selenium-edge-driver-3.141.59.jar:/Users/user/.m2/repository/org/seleniumhq/selenium/selenium-firefox-driver/3.141.59/selenium-firefox-driver-3.141.59.jar:/Users/user/.m2/repository/org/seleniumhq/selenium/selenium-ie-driver/3.141.59/selenium-ie-driver-3.141.59.jar:/Users/user/.m2/repository/org/seleniumhq/selenium/selenium-opera-driver/3.141.59/selenium-opera-driver-3.141.59.jar:/Users/user/.m2/repository/org/seleniumhq/selenium/selenium-remote-driver/3.141.59/selenium-remote-driver-3.141.59.jar:/Users/user/.m2/repository/org/seleniumhq/selenium/selenium-safari-driver/3.141.59/selenium-safari-driver-3.141.59.jar:/Users/user/.m2/repository/org/seleniumhq/selenium/selenium-support/3.141.59/selenium-support-3.141.59.jar:/Users/user/.m2/repository/net/bytebuddy/byte-buddy/1.8.15/byte-buddy-1.8.15.jar:/Users/user/.m2/repository/org/apache/commons/commons-exec/1.3/commons-exec-1.3.jar:/Users/user/.m2/repository/com/google/guava/guava/25.0-jre/guava-25.0-jre.jar:/Users/user/.m2/repository/com/google/code/findbugs/jsr305/1.3.9/jsr305-1.3.9.jar:/Users/user/.m2/repository/org/checkerframework/checker-compat-qual/2.0.0/checker-compat-qual-2.0.0.jar:/Users/user/.m2/repository/com/google/errorprone/error_prone_annotations/2.1.3/error_prone_annotations-2.1.3.jar:/Users/user/.m2/repository/com/google/j2objc/j2objc-annotations/1.1/j2objc-annotations-1.1.jar:/Users/user/.m2/repository/org/codehaus/mojo/animal-sniffer-annotations/1.14/animal-sniffer-annotations-1.14.jar:/Users/user/.m2/repository/com/squareup/okhttp3/okhttp/3.11.0/okhttp-3.11.0.jar:/Users/user/.m2/repository/com/squareup/okio/okio/1.14.0/okio-1.14.0.jar:/Users/user/.m2/repository/io/rest-assured/rest-assured/5.3.0/rest-assured-5.3.0.jar:/Users/user/.m2/repository/org/apache/groovy/groovy/4.0.6/groovy-4.0.6.jar:/Users/user/.m2/repository/org/apache/groovy/groovy-xml/4.0.6/groovy-xml-4.0.6.jar:/Users/user/.m2/repository/org/apache/httpcomponents/httpclient/4.5.13/httpclient-4.5.13.jar:/Users/user/.m2/repository/org/apache/httpcomponents/httpcore/4.4.13/httpcore-4.4.13.jar:/Users/user/.m2/repository/commons-logging/commons-logging/1.2/commons-logging-1.2.jar:/Users/user/.m2/repository/commons-codec/commons-codec/1.11/commons-codec-1.11.jar:/Users/user/.m2/repository/org/apache/httpcomponents/httpmime/4.5.13/httpmime-4.5.13.jar:/Users/user/.m2/repository/org/hamcrest/hamcrest/2.1/hamcrest-2.1.jar:/Users/user/.m2/repository/org/ccil/cowan/tagsoup/tagsoup/1.2.1/tagsoup-1.2.1.jar:/Users/user/.m2/repository/io/rest-assured/json-path/5.3.0/json-path-5.3.0.jar:/Users/user/.m2/repository/org/apache/groovy/groovy-json/4.0.6/groovy-json-4.0.6.jar:/Users/user/.m2/repository/io/rest-assured/rest-assured-common/5.3.0/rest-assured-common-5.3.0.jar:/Users/user/.m2/repository/io/rest-assured/xml-path/5.3.0/xml-path-5.3.0.jar:/Users/user/.m2/repository/org/apache/commons/commons-lang3/3.11/commons-lang3-3.11.jar:/Users/user/.m2/repository/com/google/code/gson/gson/2.10/gson-2.10.jar:/Users/user/.m2/repository/com/fasterxml/jackson/core/jackson-core/2.14.1/jackson-core-2.14.1.jar:/Users/user/.m2/repository/com/fasterxml/jackson/core/jackson-databind/2.14.1/jackson-databind-2.14.1.jar:/Users/user/.m2/repository/com/fasterxml/jackson/core/jackson-annotations/2.14.1/jackson-annotations-2.14.1.jar:/Users/user/.m2/repository/org/apache/maven/plugins/maven-surefire-plugin/3.0.0-M7/maven-surefire-plugin-3.0.0-M7.jar:/Users/user/.m2/repository/org/apache/maven/surefire/maven-surefire-common/3.0.0-M7/maven-surefire-common-3.0.0-M7.jar:/Users/user/.m2/repository/org/apache/maven/surefire/surefire-api/3.0.0-M7/surefire-api-3.0.0-M7.jar:/Users/user/.m2/repository/org/apache/maven/surefire/surefire-logger-api/3.0.0-M7/surefire-logger-api-3.0.0-M7.jar:/Users/user/.m2/repository/org/apache/maven/surefire/surefire-extensions-api/3.0.0-M7/surefire-extensions-api-3.0.0-M7.jar:/Users/user/.m2/repository/org/apache/maven/surefire/surefire-booter/3.0.0-M7/surefire-booter-3.0.0-M7.jar:/Users/user/.m2/repository/org/apache/maven/surefire/surefire-extensions-spi/3.0.0-M7/surefire-extensions-spi-3.0.0-M7.jar:/Users/user/.m2/repository/org/apache/maven/shared/maven-common-artifact-filters/3.1.1/maven-common-artifact-filters-3.1.1.jar:/Users/user/.m2/repository/org/apache/maven/maven-artifact/3.1.0/maven-artifact-3.1.0.jar:/Users/user/.m2/repository/org/codehaus/plexus/plexus-utils/3.0.10/plexus-utils-3.0.10.jar:/Users/user/.m2/repository/org/apache/maven/maven-core/3.1.0/maven-core-3.1.0.jar:/Users/user/.m2/repository/org/apache/maven/maven-settings/3.1.0/maven-settings-3.1.0.jar:/Users/user/.m2/repository/org/apache/maven/maven-settings-builder/3.1.0/maven-settings-builder-3.1.0.jar:/Users/user/.m2/repository/org/apache/maven/maven-repository-metadata/3.1.0/maven-repository-metadata-3.1.0.jar:/Users/user/.m2/repository/org/apache/maven/maven-model-builder/3.1.0/maven-model-builder-3.1.0.jar:/Users/user/.m2/repository/org/apache/maven/maven-aether-provider/3.1.0/maven-aether-provider-3.1.0.jar:/Users/user/.m2/repository/org/eclipse/aether/aether-spi/0.9.0.M2/aether-spi-0.9.0.M2.jar:/Users/user/.m2/repository/org/eclipse/aether/aether-impl/0.9.0.M2/aether-impl-0.9.0.M2.jar:/Users/user/.m2/repository/org/eclipse/aether/aether-api/0.9.0.M2/aether-api-0.9.0.M2.jar:/Users/user/.m2/repository/org/eclipse/aether/aether-util/0.9.0.M2/aether-util-0.9.0.M2.jar:/Users/user/.m2/repository/org/eclipse/sisu/org.eclipse.sisu.plexus/0.0.0.M2a/org.eclipse.sisu.plexus-0.0.0.M2a.jar:/Users/user/.m2/repository/javax/enterprise/cdi-api/1.0/cdi-api-1.0.jar:/Users/user/.m2/repository/javax/annotation/jsr250-api/1.0/jsr250-api-1.0.jar:/Users/user/.m2/repository/javax/inject/javax.inject/1/javax.inject-1.jar:/Users/user/.m2/repository/org/sonatype/sisu/sisu-guice/3.1.0/sisu-guice-3.1.0-no_aop.jar:/Users/user/.m2/repository/aopalliance/aopalliance/1.0/aopalliance-1.0.jar:/Users/user/.m2/repository/org/eclipse/sisu/org.eclipse.sisu.inject/0.0.0.M2a/org.eclipse.sisu.inject-0.0.0.M2a.jar:/Users/user/.m2/repository/asm/asm/3.3.1/asm-3.3.1.jar:/Users/user/.m2/repository/org/codehaus/plexus/plexus-interpolation/1.16/plexus-interpolation-1.16.jar:/Users/user/.m2/repository/org/codehaus/plexus/plexus-classworlds/2.4.2/plexus-classworlds-2.4.2.jar:/Users/user/.m2/repository/org/codehaus/plexus/plexus-component-annotations/1.5.5/plexus-component-annotations-1.5.5.jar:/Users/user/.m2/repository/org/sonatype/plexus/plexus-sec-dispatcher/1.3/plexus-sec-dispatcher-1.3.jar:/Users/user/.m2/repository/org/sonatype/plexus/plexus-cipher/1.4/plexus-cipher-1.4.jar:/Users/user/.m2/repository/org/apache/maven/maven-plugin-api/3.1.0/maven-plugin-api-3.1.0.jar:/Users/user/.m2/repository/org/codehaus/plexus/plexus-java/1.1.1/plexus-java-1.1.1.jar:/Users/user/.m2/repository/org/ow2/asm/asm/9.2/asm-9.2.jar:/Users/user/.m2/repository/com/thoughtworks/qdox/qdox/2.0.1/qdox-2.0.1.jar:/Users/user/.m2/repository/org/apache/maven/surefire/surefire-shared-utils/3.0.0-M7/surefire-shared-utils-3.0.0-M7.jar:/Users/user/.m2/repository/ru/yandex/qatools/ashot/ashot/1.5.4/ashot-1.5.4.jar:/Users/user/.m2/repository/commons-io/commons-io/2.5/commons-io-2.5.jar:"/>
    <property name="sun.cpu.endian" value="little"/>
    <property name="allure.results.directory" value="/Users/user/Desktop/Diplom/Diplom_3/target/allure-results"/>
    <property name="user.home" value="/Users/user"/>
    <property name="user.language" value="ru"/>
    <property name="java.specification.vendor" value="Oracle Corporation"/>
    <property name="java.version.date" value="2022-08-12"/>
    <property name="java.home" value="/Library/Java/JavaVirtualMachines/amazon-corretto-11.jdk/Contents/Home"/>
    <property name="file.separator" value="/"/>
    <property name="basedir" value="/Users/user/Desktop/Diplom/Diplom_3"/>
    <property name="java.vm.compressedOopsMode" value="Zero based"/>
    <property name="line.separator" value="&#10;"/>
    <property name="java.specification.name" value="Java Platform API Specification"/>
    <property name="java.vm.specification.vendor" value="Oracle Corporation"/>
    <property name="java.awt.graphicsenv" value="sun.awt.CGraphicsEnvironment"/>
    <property name="surefire.real.class.path" value="/Users/user/Desktop/Diplom/Diplom_3/target/surefire/surefirebooter10060965151967809116.jar"/>
    <property name="sun.management.compiler" value="HotSpot 64-Bit Tiered Compilers"/>
    <property name="ftp.nonProxyHosts" value="local|*.local|169.254/16|*.169.254/16"/>
    <property name="java.runtime.version" value="11.0.16.1+9-LTS"/>
    <property name="user.name" value="user"/>
    <property name="path.separator" value=":"/>
    <property name="os.version" value="12.3"/>
    <property name="java.runtime.name" value="OpenJDK Runtime Environment"/>
    <property name="file.encoding" value="UTF-8"/>
    <property name="java.vm.name" value="OpenJDK 64-Bit Server VM"/>
    <property name="java.vendor.version" value="Corretto-11.0.16.9.1"/>
    <property name="localRepository" value="/Users/user/.m2/repository"/>
    <property name="java.vendor.url.bug" value="https://github.com/corretto/corretto-11/issues/"/>
    <property name="java.io.tmpdir" value="/var/folders/zw/y5tmls9d7zq7pzqx_68qgm8c0000gn/T/"/>
    <property name="idea.version" value="2022.2"/>
    <property name="java.version" value="11.0.16.1"/>
    <property name="user.dir" value="/Users/user/Desktop/Diplom/Diplom_3"/>
    <property name="os.arch" value="x86_64"/>
    <property name="java.vm.specification.name" value="Java Virtual Machine Specification"/>
    <property name="java.awt.printerjob" value="sun.lwawt.macosx.CPrinterJob"/>
    <property name="sun.os.patch.level" value="unknown"/>
    <property name="java.library.path" value="/Users/user/Library/Java/Extensions:/Library/Java/Extensions:/Network/Library/Java/Extensions:/System/Library/Java/Extensions:/usr/lib/java:."/>
    <property name="java.vm.info" value="mixed mode"/>
    <property name="java.vendor" value="Amazon.com Inc."/>
    <property name="java.vm.version" value="11.0.16.1+9-LTS"/>
    <property name="sun.io.unicode.encoding" value="UnicodeBig"/>
    <property name="java.class.version" value="55.0"/>
    <property name="socksNonProxyHosts" value="local|*.local|169.254/16|*.169.254/16"/>
  </properties>
  <testcase name="checkInputByPersonalAccountButton" classname="ru.yandex.practicum.input.ChromeInputTest" time="10.302"/>
  <testcase name="checkInputByRecoverPassword" classname="ru.yandex.practicum.input.ChromeInputTest" time="11.916"/>
  <testcase name="checkInputByRegistration" classname="ru.yandex.practicum.input.ChromeInputTest" time="10.987"/>
  <testcase name="checkInputByLoginAccountButton" classname="ru.yandex.practicum.input.ChromeInputTest" time="15.068"/>
</testsuite>